{
  "RSpec": {
    "coverage": {
      "/Users/sowmyaudai/projects/photoshoot/spec/features/add_service_pages_spec.rb": [
        1,
        0,
        null,
        0,
        null,
        0,
        0,
        0,
        0,
        0,
        0,
        0,
        0,
        null,
        null
      ],
      "/Users/sowmyaudai/projects/photoshoot/spec/rails_helper.rb": [
        null,
        1,
        1,
        1,
        null,
        0,
        0,
        null,
        null,
        null,
        0,
        0,
        0,
        null,
        null,
        null,
        null,
        null,
        null,
        null,
        null,
        null,
        null,
        null,
        null,
        null,
        null,
        null,
        null,
        null,
        0,
        null,
        0,
        null,
        0,
        null,
        null,
        null,
        null,
        0,
        null,
        null,
        null,
        null,
        null,
        null,
        null,
        null,
        null,
        null,
        null,
        null,
        null,
        null,
        0,
        null,
        null,
        0,
        null,
        null,
        null,
        null,
        0,
        0,
        0,
        0,
        null,
        null
      ],
      "/Users/sowmyaudai/projects/photoshoot/config/environment.rb": [
        null,
        1,
        null,
        null,
        0
      ],
      "/Users/sowmyaudai/projects/photoshoot/config/application.rb": [
        1,
        null,
        0,
        null,
        0,
        0,
        0,
        0,
        0,
        0,
        0,
        0,
        null,
        null,
        null,
        null,
        0,
        null,
        0,
        0,
        null,
        0,
        null,
        null,
        null,
        null,
        null,
        null,
        0,
        null,
        null
      ],
      "/Users/sowmyaudai/projects/photoshoot/config/boot.rb": [
        1,
        null,
        1
      ]
    },
    "timestamp": 1499482755
  }
}
